12 SLOTS
status: optimal,
objective: 2116077.37,
time: 0:00:18.062672
0) 1 2 3 4 5 6 7 8 9 10 11 12 13 14 15 16
1) 17 18 19 20 21 22 23 24
2) 25 26 27 28 29 30 31
3) 32 33 34 35 36 37
4) 38 39 40 41 42 43
5) 44 45 46 47 48 49
6) 50 51 52 53 54
7) 55 56 57 58 59
8) 60 61 62 63 64
9) 65 66 67 68 69
10) 70 71 72 73 74 75
11) 76 77 78 79 80 81 82 83 84 85 86 87 88 89 90 91 92 93 94 95 96
24 SLOTS (heuristic 24-24)
status: optimal,
objective: 4831179.79,
time: 0:00:12.423278
0) 1 2 3 4 5 6 7 8 9 10 11
1) 12 13 14 15
2) 16 17 18 19
3) 20 21 22 23
4) 24 25 26 27
5) 28 29 30
6) 31 32 33
7) 34 35 36
8) 37 38 39
9) 40 41 42
10) 43 44 45
11) 46 47 48
12) 49 50 51
13) 52 53 54
14) 55 56 57
15) 58 59 60
16) 61 62
17) 63 64
18) 65 66
19) 67 68 69
20) 70 71 72
21) 73 74 75
22) 76 77 78 79 80
23) 81 82 83 84 85 86 87 88 89 90 91 92 93 94 95 96
48 SLOTS (heuristic 24-24)
status: optimal, objective:
10982816.45,
time: 0:01:35.746485
0) 1 2 3 4 5 6 7 8 9
1) 10 11 12
2) 13 14
3) 15 16
4) 17 18
5) 19 20
6) 21 22
7) 23 24
8) 25 26
9) 27 28
10) 29 30
11) 31 32
12) 33 34
13) 35
14) 36
15) 37 38
16) 39 40
17) 41 42
18) 43 44
19) 45
20) 46
21) 47
22) 48
23) 49 50
24) 51 52
25) 53 54
26) 55 56
27) 57
28) 58
29) 59
30) 60
31) 61
32) 62
33) 63
34) 64
35) 65
36) 66
37) 67
38) 68
39) 69
40) 70
41) 71
42) 72 73
43) 74 75
44) 76 77
45) 78 79 80
46) 81 82 83 84 85
47) 86 87 88 89 90 91 92 93 94 95 96