CPLEX 12.8.0.0: optimal integer solution; objective 111519331300
1928 MIP simplex iterations
0 branch-and-bound nodes
Creating 12 slots
5) 1 2 3 4 5 6 7 
9) 8 9 10 
13) 11 12 13 14 15 
23) 16 17 18 19 20 21 22 23 24 25 26 27 28 29 30 31 
46) 32 33 34 35 36 37 38 39 40 41 42 43 44 45 46 47 48 49 50 
56) 51 52 53 54 55 56 57 58 59 60 61 
65) 62 63 64 65 66 67 
71) 68 69 70 71 72 
75) 73 74 75 76 
78) 77 78 79 80 
83) 81 82 83 84 85 
90) 86 87 88 89 90 91 92 93 94 95 96 
CPLEX 12.8.0.0: optimal integer solution; objective 31401686690
1055 MIP simplex iterations
0 branch-and-bound nodes
Creating 24 slots
3) 1 2 3 4 5 
7) 6 7 8 
9) 9 
10) 10 
11) 11 
13) 12 13 14 
18) 15 16 17 18 19 20 21 22 
26) 23 24 25 26 27 28 29 30 31 
34) 32 33 34 35 36 37 38 39 40 41 42 43 44 45 46 47 48 49 
51) 50 51 52 
55) 53 54 55 56 
57) 57 58 59 60 61 
65) 62 63 64 65 66 67 
68) 68 69 70 71 
72) 72 
74) 73 74 
75) 75 76 
77) 77 
78) 78 
80) 79 80 
82) 81 82 
84) 83 84 85 
87) 86 87 88 89 
92) 90 91 92 93 94 95 96 
CPLEX 12.8.0.0: optimal integer solution; objective 4075678273
582 MIP simplex iterations
0 branch-and-bound nodes
Creating 48 slots
2) 1 2 3 
5) 4 5 
6) 6 
7) 7 
8) 8 
9) 9 
10) 10 
11) 11 
12) 12 
13) 13 
14) 14 
15) 15 
16) 16 17 18 19 
22) 20 21 22 23 
26) 24 25 26 27 28 29 30 
31) 31 
32) 32 
42) 33 34 35 36 37 38 39 40 41 42 43 44 45 46 
47) 47 48 49 
50) 50 
51) 51 52 
55) 53 54 55 56 
58) 57 58 59 
60) 60 61 
62) 62 
63) 63 
64) 64 
65) 65 
66) 66 
67) 67 
70) 68 69 70 
71) 71 
72) 72 
73) 73 74 
75) 75 
76) 76 
77) 77 
78) 78 
79) 79 
80) 80 
81) 81 
82) 82 
83) 83 
84) 84 
85) 85 
87) 86 87 88 
90) 89 90 91 
93) 92 93 94 95 96 
